2025-03-08 18:59:40,928 - INFO - Starte Datenvorbereitung...
2025-03-08 18:59:40,929 - INFO - Erstelle zeitbasierte Features...
2025-03-08 18:59:40,933 - DEBUG - Feature 'hour' erstellt.
2025-03-08 18:59:40,934 - DEBUG - Feature 'sin_hour' erstellt.
2025-03-08 18:59:40,936 - DEBUG - Feature 'cos_hour' erstellt.
2025-03-08 18:59:40,938 - DEBUG - Feature 'day_of_year' erstellt.
2025-03-08 18:59:40,939 - DEBUG - Feature 'sin_day' erstellt.
2025-03-08 18:59:40,940 - DEBUG - Feature 'cos_day' erstellt.
2025-03-08 18:59:40,940 - INFO - Erstelle Tag-/Nacht-Indikator...
2025-03-08 18:59:40,941 - DEBUG - Feature 'is_day' erstellt.
2025-03-08 18:59:40,941 - INFO - Erstelle Lag-Features...
2025-03-08 18:59:40,941 - DEBUG - Feature 'co2_flux_lag1' erstellt.
2025-03-08 18:59:40,942 - DEBUG - Feature 'co2_flux_lag24' erstellt.
2025-03-08 18:59:40,942 - INFO - Erstelle gleitende Mittelwerte...
2025-03-08 18:59:40,943 - DEBUG - Feature 'co2_flux_rolling_mean_6h' erstellt.
2025-03-08 18:59:40,945 - DEBUG - Feature 'co2_flux_rolling_mean_24h' erstellt.
2025-03-08 18:59:40,945 - INFO - Überprüfe auf fehlende Werte und entferne diese...
2025-03-08 18:59:40,970 - INFO - Fehlende Werte entfernt. Anzahl verbleibender Zeilen: 117098
2025-03-08 18:59:40,970 - INFO - Zusammenstellen der Features...
2025-03-08 18:59:40,970 - INFO - Feature-Liste zusammengestellt: ['sin_hour', 'cos_hour', 'sin_day', 'cos_day', 'SW_IN', 'is_day', 'co2_flux_lag1', 'co2_flux_lag24', 'co2_flux_rolling_mean_6h', 'co2_flux_rolling_mean_24h']
2025-03-08 18:59:40,973 - INFO - Teile die Daten in Trainings- und Testsets im Verhältnis 80:20...
2025-03-08 18:59:40,973 - INFO - Größe des Trainingssets: 93678, Testset: 23420
2025-03-08 18:59:40,973 - INFO - Initialisiere den Random Forest Regressor mit 100 Bäumen...
2025-03-08 18:59:41,034 - INFO - Starte Training...
2025-03-08 18:59:50,939 - INFO - Training abgeschlossen!
2025-03-08 18:59:50,939 - INFO - Erstelle Vorhersagen...
2025-03-08 18:59:51,039 - INFO - Vorhersagen abgeschlossen.
2025-03-08 18:59:51,039 - INFO - Bewerte das Modell...
2025-03-08 18:59:51,040 - INFO - Mean Squared Error: 8.70330278153736
2025-03-08 18:59:51,041 - INFO - R²-Score: 0.7162034624817176
2025-03-08 18:59:51,041 - INFO - Starte GridSearch für Hyperparameter-Optimierung...
2025-03-08 18:59:51,041 - INFO - Starte GridSearchCV...
2025-03-08 19:02:05,461 - INFO - Zusammenstellen der Features...
2025-03-08 19:02:05,462 - INFO - Feature-Liste zusammengestellt: ['SW_IN', 'sin_hour', 'cos_hour', 'sin_day', 'cos_day', 'is_day', 'co2_flux_lag1', 'co2_flux_lag24', 'co2_flux_rolling_mean_6h', 'co2_flux_rolling_mean_24h']
2025-03-08 19:03:22,611 - INFO - Wende MDS auf TA_1_1_1 in meteorology an...
2025-03-08 19:03:22,699 - INFO - TA_1_1_1: Fehlende Werte vor der Interpolation: 0
2025-03-08 19:03:23,034 - INFO - TA_1_1_1_filled: Fehlende Werte nach der Lückenfüllung: 0
2025-03-08 19:03:23,035 - INFO - Wende MDS auf RH_1_1_1 in meteorology an...
2025-03-08 19:03:23,111 - INFO - RH_1_1_1: Fehlende Werte vor der Interpolation: 34
2025-03-08 19:03:23,731 - INFO - RH_1_1_1_filled: Fehlende Werte nach der Lückenfüllung: 0
2025-03-08 19:03:23,732 - INFO - Wende MDS auf WS_1_1_1 in meteorology an...
2025-03-08 19:03:23,818 - INFO - WS_1_1_1: Fehlende Werte vor der Interpolation: 564
2025-03-08 19:03:52,667 - INFO - WS_1_1_1_filled: Fehlende Werte nach der Lückenfüllung: 0
2025-03-08 19:03:52,668 - INFO - Zusammenstellen der Features...
2025-03-08 19:03:52,668 - INFO - Feature-Liste zusammengestellt: ['SW_IN', 'sin_hour', 'cos_hour', 'sin_day', 'cos_day', 'is_day', 'co2_flux_lag1', 'co2_flux_lag24', 'co2_flux_rolling_mean_6h', 'co2_flux_rolling_mean_24h']
2025-03-08 19:05:59,155 - INFO - Wende MDS auf TA_1_1_1 in meteorology an...
2025-03-08 19:05:59,157 - INFO - TA_1_1_1: Fehlende Werte vor der Interpolation: 0
2025-03-08 19:05:59,396 - INFO - TA_1_1_1_filled: Fehlende Werte nach der Lückenfüllung: 0
2025-03-08 19:05:59,405 - INFO - Ergänze interpolierte Werte von TA_1_1_1 in flux_df.
2025-03-08 19:05:59,405 - INFO - Wende MDS auf RH_1_1_1 in meteorology an...
2025-03-08 19:05:59,407 - INFO - RH_1_1_1: Fehlende Werte vor der Interpolation: 34
2025-03-08 19:05:59,723 - INFO - RH_1_1_1_filled: Fehlende Werte nach der Lückenfüllung: 0
2025-03-08 19:05:59,729 - INFO - Ergänze interpolierte Werte von RH_1_1_1 in flux_df.
2025-03-08 19:05:59,729 - INFO - Wende MDS auf WS_1_1_1 in meteorology an...
2025-03-08 19:05:59,731 - INFO - WS_1_1_1: Fehlende Werte vor der Interpolation: 564
2025-03-08 19:06:28,338 - INFO - WS_1_1_1_filled: Fehlende Werte nach der Lückenfüllung: 0
2025-03-08 19:06:28,344 - INFO - Ergänze interpolierte Werte von WS_1_1_1 in flux_df.
2025-03-08 19:06:28,344 - INFO - Zusammenstellen der Features...
2025-03-08 19:06:28,344 - INFO - Feature-Liste zusammengestellt: ['SW_IN', 'sin_hour', 'cos_hour', 'sin_day', 'cos_day', 'is_day', 'co2_flux_lag1', 'co2_flux_lag24', 'co2_flux_rolling_mean_6h', 'co2_flux_rolling_mean_24h', 'TA_1_1_1', 'temp_radiation_interaction', 'RH_1_1_1', 'WS_1_1_1']
2025-03-08 19:08:07,625 - INFO - Wende MDS auf TA_1_1_1 in meteorology an...
2025-03-08 19:08:07,635 - INFO - TA_1_1_1: Fehlende Werte vor der Interpolation: 0
2025-03-08 19:08:07,891 - INFO - TA_1_1_1_filled: Fehlende Werte nach der Lückenfüllung: 0
2025-03-08 19:08:08,149 - INFO - Ergänze interpolierte Werte von TA_1_1_1 in flux_df.
2025-03-08 19:08:08,149 - INFO - Wende MDS auf RH_1_1_1 in meteorology an...
2025-03-08 19:08:08,151 - INFO - RH_1_1_1: Fehlende Werte vor der Interpolation: 34
2025-03-08 19:08:08,480 - INFO - RH_1_1_1_filled: Fehlende Werte nach der Lückenfüllung: 0
2025-03-08 19:08:08,491 - INFO - Ergänze interpolierte Werte von RH_1_1_1 in flux_df.
2025-03-08 19:08:08,491 - INFO - Wende MDS auf WS_1_1_1 in meteorology an...
2025-03-08 19:08:08,493 - INFO - WS_1_1_1: Fehlende Werte vor der Interpolation: 564
2025-03-08 19:08:36,983 - INFO - WS_1_1_1_filled: Fehlende Werte nach der Lückenfüllung: 0
2025-03-08 19:08:36,991 - INFO - Ergänze interpolierte Werte von WS_1_1_1 in flux_df.
2025-03-08 19:08:36,992 - INFO - Zusammenstellen der Features...
2025-03-08 19:08:36,992 - INFO - Feature-Liste zusammengestellt: ['SW_IN', 'sin_hour', 'cos_hour', 'sin_day', 'cos_day', 'is_day', 'co2_flux_lag1', 'co2_flux_lag24', 'co2_flux_rolling_mean_6h', 'co2_flux_rolling_mean_24h', 'TA_1_1_1', 'temp_radiation_interaction', 'RH_1_1_1', 'WS_1_1_1']
2025-03-08 19:09:02,722 - INFO - Starte Datenvorbereitung...
2025-03-08 19:09:02,722 - INFO - Erstelle zeitbasierte Features...
2025-03-08 19:09:02,726 - DEBUG - Feature 'hour' erstellt.
2025-03-08 19:09:02,728 - DEBUG - Feature 'sin_hour' erstellt.
2025-03-08 19:09:02,730 - DEBUG - Feature 'cos_hour' erstellt.
2025-03-08 19:09:02,733 - DEBUG - Feature 'day_of_year' erstellt.
2025-03-08 19:09:02,737 - DEBUG - Feature 'sin_day' erstellt.
2025-03-08 19:09:02,738 - DEBUG - Feature 'cos_day' erstellt.
2025-03-08 19:09:02,738 - INFO - Erstelle Tag-/Nacht-Indikator...
2025-03-08 19:09:02,739 - DEBUG - Feature 'is_day' erstellt.
2025-03-08 19:09:02,740 - INFO - Erstelle Lag-Features...
2025-03-08 19:09:02,740 - DEBUG - Feature 'co2_flux_lag1' erstellt.
2025-03-08 19:09:02,740 - DEBUG - Feature 'co2_flux_lag24' erstellt.
2025-03-08 19:09:02,740 - INFO - Erstelle gleitende Mittelwerte...
2025-03-08 19:09:02,744 - DEBUG - Feature 'co2_flux_rolling_mean_6h' erstellt.
2025-03-08 19:09:02,745 - DEBUG - Feature 'co2_flux_rolling_mean_24h' erstellt.
2025-03-08 19:09:02,745 - INFO - Füge Temperatur-Radiation-Interaktionsfeature hinzu...
2025-03-08 19:09:02,746 - DEBUG - Feature 'temp_radiation_interaction' erstellt.
2025-03-08 19:09:02,746 - INFO - Überprüfe auf fehlende Werte und entferne diese...
2025-03-08 19:09:02,769 - INFO - Fehlende Werte entfernt. Anzahl verbleibender Zeilen: 117061
2025-03-08 19:09:02,769 - INFO - Zusammenstellen der Features...
2025-03-08 19:09:02,769 - INFO - Feature-Liste zusammengestellt: ['sin_hour', 'cos_hour', 'sin_day', 'cos_day', 'SW_IN', 'is_day', 'co2_flux_lag1', 'co2_flux_lag24', 'co2_flux_rolling_mean_6h', 'co2_flux_rolling_mean_24h', 'TA_1_1_1', 'temp_radiation_interaction', 'RH_1_1_1', 'WS_1_1_1']
2025-03-08 19:09:02,772 - INFO - Teile die Daten in Trainings- und Testsets im Verhältnis 80:20...
2025-03-08 19:09:02,773 - INFO - Größe des Trainingssets: 93648, Testset: 23413
2025-03-08 19:09:02,773 - INFO - Initialisiere den Random Forest Regressor mit 100 Bäumen...
2025-03-08 19:09:02,841 - INFO - Starte Training...
2025-03-08 19:09:17,486 - INFO - Training abgeschlossen!
2025-03-08 19:09:17,486 - INFO - Erstelle Vorhersagen...
2025-03-08 19:09:17,581 - INFO - Vorhersagen abgeschlossen.
2025-03-08 19:09:17,581 - INFO - Bewerte das Modell...
2025-03-08 19:09:17,582 - INFO - Mean Squared Error: 7.9358872386610875
2025-03-08 19:09:17,582 - INFO - R²-Score: 0.7411641275559224
2025-03-08 19:09:17,582 - INFO - Starte GridSearch für Hyperparameter-Optimierung...
2025-03-08 19:09:17,582 - INFO - Starte GridSearchCV...
2025-03-08 19:19:31,682 - INFO - GridSearch abgeschlossen.
2025-03-08 19:19:31,682 - INFO - Beste Parameter: {'max_depth': 10, 'min_samples_split': 5, 'n_estimators': 200}
2025-03-08 19:19:31,683 - INFO - Bester R²-Score (Trainingsset): 0.7520450235743739
2025-03-08 19:23:31,661 - INFO - Starte Datenvorbereitung...
2025-03-08 19:23:31,665 - INFO - Erstelle zeitbasierte Features...
2025-03-08 19:23:31,672 - DEBUG - Feature 'hour' erstellt.
2025-03-08 19:23:31,674 - DEBUG - Feature 'sin_hour' erstellt.
2025-03-08 19:23:31,676 - DEBUG - Feature 'cos_hour' erstellt.
2025-03-08 19:23:31,679 - DEBUG - Feature 'day_of_year' erstellt.
2025-03-08 19:23:31,680 - DEBUG - Feature 'sin_day' erstellt.
2025-03-08 19:23:31,681 - DEBUG - Feature 'cos_day' erstellt.
2025-03-08 19:23:31,681 - INFO - Erstelle Tag-/Nacht-Indikator...
2025-03-08 19:23:31,683 - DEBUG - Feature 'is_day' erstellt.
2025-03-08 19:23:31,683 - INFO - Erstelle Lag-Features...
2025-03-08 19:23:31,684 - DEBUG - Feature 'co2_flux_lag1' erstellt.
2025-03-08 19:23:31,685 - DEBUG - Feature 'co2_flux_lag24' erstellt.
2025-03-08 19:23:31,685 - INFO - Erstelle gleitende Mittelwerte...
2025-03-08 19:23:31,689 - DEBUG - Feature 'co2_flux_rolling_mean_6h' erstellt.
2025-03-08 19:23:31,690 - DEBUG - Feature 'co2_flux_rolling_mean_24h' erstellt.
2025-03-08 19:23:31,690 - INFO - Füge Temperatur-Radiation-Interaktionsfeature hinzu...
2025-03-08 19:23:31,695 - DEBUG - Feature 'temp_radiation_interaction' erstellt.
2025-03-08 19:23:31,695 - INFO - Überprüfe auf fehlende Werte und entferne diese...
2025-03-08 19:23:31,728 - INFO - Fehlende Werte entfernt. Anzahl verbleibender Zeilen: 117037
2025-03-08 19:23:31,728 - INFO - Zusammenstellen der Features...
2025-03-08 19:23:31,728 - INFO - Feature-Liste zusammengestellt: ['sin_hour', 'cos_hour', 'sin_day', 'cos_day', 'SW_IN', 'is_day', 'co2_flux_lag1', 'co2_flux_lag24', 'co2_flux_rolling_mean_6h', 'co2_flux_rolling_mean_24h', 'TA_1_1_1', 'temp_radiation_interaction', 'RH_1_1_1', 'WS_1_1_1']
2025-03-08 19:23:31,734 - INFO - Teile die Daten in Trainings- und Testsets im Verhältnis 80:20...
2025-03-08 19:23:31,735 - INFO - Größe des Trainingssets: 93629, Testset: 23408
2025-03-08 19:23:31,735 - INFO - Starte GridSearch für Hyperparameter-Optimierung...
2025-03-08 19:23:31,737 - INFO - Starte GridSearchCV...
2025-03-08 19:34:06,669 - INFO - GridSearch abgeschlossen.
2025-03-08 19:34:06,671 - INFO - Beste Parameter: {'max_depth': 10, 'min_samples_split': 5, 'n_estimators': 200}
2025-03-08 19:34:06,671 - INFO - Bester R²-Score (Trainingsset): 0.7466877200845332
2025-03-08 19:34:06,856 - INFO - Bewertung des besten Modells nach GridSearch:
2025-03-08 19:34:06,856 - INFO - Mean Squared Error (MSE): 8.055058335023212
2025-03-08 19:34:06,856 - INFO - Root Mean Squared Error (RMSE): 2.838143466250995
2025-03-08 19:34:06,856 - INFO - R²-Score: 0.7373129006795842
2025-03-08 19:36:52,658 - INFO - Starte Datenvorbereitung...
2025-03-08 19:36:52,659 - INFO - Erstelle zeitbasierte Features...
2025-03-08 19:36:52,663 - DEBUG - Feature 'hour' erstellt.
2025-03-08 19:36:52,665 - DEBUG - Feature 'sin_hour' erstellt.
2025-03-08 19:36:52,666 - DEBUG - Feature 'cos_hour' erstellt.
2025-03-08 19:36:52,668 - DEBUG - Feature 'day_of_year' erstellt.
2025-03-08 19:36:52,669 - DEBUG - Feature 'sin_day' erstellt.
2025-03-08 19:36:52,670 - DEBUG - Feature 'cos_day' erstellt.
2025-03-08 19:36:52,670 - INFO - Erstelle Tag-/Nacht-Indikator...
2025-03-08 19:36:52,670 - DEBUG - Feature 'is_day' erstellt.
2025-03-08 19:36:52,670 - INFO - Erstelle Lag-Features...
2025-03-08 19:36:52,671 - DEBUG - Feature 'co2_flux_lag1' erstellt.
2025-03-08 19:36:52,671 - DEBUG - Feature 'co2_flux_lag24' erstellt.
2025-03-08 19:36:52,671 - INFO - Erstelle gleitende Mittelwerte...
2025-03-08 19:36:52,674 - DEBUG - Feature 'co2_flux_rolling_mean_6h' erstellt.
2025-03-08 19:36:52,675 - DEBUG - Feature 'co2_flux_rolling_mean_24h' erstellt.
2025-03-08 19:36:52,675 - INFO - Füge Temperatur-Radiation-Interaktionsfeature hinzu...
2025-03-08 19:36:52,676 - DEBUG - Feature 'temp_radiation_interaction' erstellt.
2025-03-08 19:36:52,676 - INFO - Überprüfe auf fehlende Werte und entferne diese...
2025-03-08 19:36:52,699 - INFO - Fehlende Werte entfernt. Anzahl verbleibender Zeilen: 117013
2025-03-08 19:36:52,702 - INFO - Zusammenstellen der Features...
2025-03-08 19:36:52,703 - INFO - Feature-Liste zusammengestellt: ['sin_hour', 'cos_hour', 'sin_day', 'cos_day', 'SW_IN', 'is_day', 'co2_flux_lag1', 'co2_flux_lag24', 'co2_flux_rolling_mean_6h', 'co2_flux_rolling_mean_24h', 'TA_1_1_1', 'temp_radiation_interaction', 'RH_1_1_1', 'WS_1_1_1']
2025-03-08 19:36:52,711 - INFO - Teile die Daten in Trainings- und Testsets im Verhältnis 80:20...
2025-03-08 19:36:52,712 - INFO - Größe des Trainingssets: 93610, Testset: 23403
2025-03-08 19:36:52,712 - INFO - Starte GridSearch für Hyperparameter-Optimierung...
2025-03-08 19:36:52,712 - INFO - Starte GridSearchCV...
2025-03-08 19:38:22,002 - INFO - Starte Datenvorbereitung...
2025-03-08 19:38:22,003 - INFO - Erstelle zeitbasierte Features...
2025-03-08 19:38:22,007 - DEBUG - Feature 'hour' erstellt.
2025-03-08 19:38:22,009 - DEBUG - Feature 'sin_hour' erstellt.
2025-03-08 19:38:22,010 - DEBUG - Feature 'cos_hour' erstellt.
2025-03-08 19:38:22,012 - DEBUG - Feature 'day_of_year' erstellt.
2025-03-08 19:38:22,013 - DEBUG - Feature 'sin_day' erstellt.
2025-03-08 19:38:22,015 - DEBUG - Feature 'cos_day' erstellt.
2025-03-08 19:38:22,015 - INFO - Erstelle Tag-/Nacht-Indikator...
2025-03-08 19:38:22,016 - DEBUG - Feature 'is_day' erstellt.
2025-03-08 19:38:22,016 - INFO - Erstelle Lag-Features...
2025-03-08 19:38:22,016 - DEBUG - Feature 'co2_flux_lag1' erstellt.
2025-03-08 19:38:22,017 - DEBUG - Feature 'co2_flux_lag24' erstellt.
2025-03-08 19:38:22,017 - INFO - Erstelle gleitende Mittelwerte...
2025-03-08 19:38:22,019 - DEBUG - Feature 'co2_flux_rolling_mean_6h' erstellt.
2025-03-08 19:38:22,021 - DEBUG - Feature 'co2_flux_rolling_mean_24h' erstellt.
2025-03-08 19:38:22,021 - INFO - Füge Temperatur-Radiation-Interaktionsfeature hinzu...
2025-03-08 19:38:22,021 - DEBUG - Feature 'temp_radiation_interaction' erstellt.
2025-03-08 19:38:22,021 - INFO - Überprüfe auf fehlende Werte und entferne diese...
2025-03-08 19:38:22,045 - INFO - Fehlende Werte entfernt. Anzahl verbleibender Zeilen: 116989
2025-03-08 19:38:22,045 - INFO - Zusammenstellen der Features...
2025-03-08 19:38:22,045 - INFO - Feature-Liste zusammengestellt: ['sin_hour', 'cos_hour', 'sin_day', 'cos_day', 'SW_IN', 'is_day', 'co2_flux_lag1', 'co2_flux_lag24', 'co2_flux_rolling_mean_6h', 'co2_flux_rolling_mean_24h', 'TA_1_1_1', 'temp_radiation_interaction', 'RH_1_1_1', 'WS_1_1_1']
2025-03-08 19:38:22,048 - INFO - Teile die Daten in Trainings- und Testsets im Verhältnis 80:20...
2025-03-08 19:38:22,048 - INFO - Größe des Trainingssets: 93591, Testset: 23398
2025-03-08 19:38:22,048 - INFO - Starte GridSearch für Hyperparameter-Optimierung...
2025-03-08 19:38:22,048 - DEBUG - param grid: {'n_estimators': [100, 200, 500], 'max_depth': [None, 5, 10, 15, 20], 'min_samples_split': [1, 2, 5]}
2025-03-08 19:38:22,049 - INFO - Starte GridSearchCV...
2025-03-08 20:10:02,283 - INFO - GridSearch abgeschlossen.
2025-03-08 20:10:02,285 - INFO - Beste Parameter: {'max_depth': 10, 'min_samples_split': 2, 'n_estimators': 100}
2025-03-08 20:10:02,285 - INFO - Bester R²-Score (Trainingsset): 0.7471264648665995
2025-03-08 20:10:02,385 - INFO - Bewertung des besten Modells nach GridSearch:
2025-03-08 20:10:02,385 - INFO - Mean Squared Error (MSE): 8.05251328060009
2025-03-08 20:10:02,385 - INFO - Root Mean Squared Error (RMSE): 2.837695064766489
2025-03-08 20:10:02,385 - INFO - R²-Score: 0.737368172083142
2025-04-14 16:27:21,395 - INFO - Wende MDS auf TA_1_1_1 in meteorology an...
2025-04-14 16:27:21,402 - INFO - TA_1_1_1: Fehlende Werte vor der Interpolation: 0
2025-04-14 16:27:21,676 - INFO - TA_1_1_1_filled: Fehlende Werte nach der Lückenfüllung: 0
2025-04-14 16:27:21,942 - INFO - Ergänze interpolierte Werte von TA_1_1_1 in flux_df.
2025-04-14 16:27:21,942 - INFO - Wende MDS auf RH_1_1_1 in meteorology an...
2025-04-14 16:27:21,947 - INFO - RH_1_1_1: Fehlende Werte vor der Interpolation: 34
2025-04-14 16:27:22,273 - INFO - RH_1_1_1_filled: Fehlende Werte nach der Lückenfüllung: 0
2025-04-14 16:27:22,283 - INFO - Ergänze interpolierte Werte von RH_1_1_1 in flux_df.
2025-04-14 16:27:22,283 - INFO - Wende MDS auf WS_1_1_1 in meteorology an...
2025-04-14 16:27:22,288 - INFO - WS_1_1_1: Fehlende Werte vor der Interpolation: 564
2025-04-14 16:27:51,358 - INFO - WS_1_1_1_filled: Fehlende Werte nach der Lückenfüllung: 0
2025-04-14 16:27:51,367 - INFO - Ergänze interpolierte Werte von WS_1_1_1 in flux_df.
2025-04-14 16:27:51,367 - INFO - Wende MDS auf TS_1_1_1 in soil an...
2025-04-14 16:27:51,375 - INFO - TS_1_1_1: Fehlende Werte vor der Interpolation: 967
2025-04-14 16:29:06,777 - INFO - TS_1_1_1_filled: Fehlende Werte nach der Lückenfüllung: 0
2025-04-14 16:29:06,795 - INFO - Ergänze interpolierte Werte von TS_1_1_1 in flux_df.
2025-04-14 16:29:06,795 - INFO - Zusammenstellen der Features...
2025-04-14 16:29:06,796 - INFO - Feature-Liste zusammengestellt: ['SW_IN', 'sin_hour', 'cos_hour', 'sin_day', 'cos_day', 'is_day', 'co2_flux_lag1', 'co2_flux_lag24', 'co2_flux_rolling_mean_6h', 'co2_flux_rolling_mean_24h', 'TA_1_1_1', 'temp_radiation_interaction', 'RH_1_1_1', 'WS_1_1_1']
2025-04-14 16:32:30,981 - INFO - Starte Datenvorbereitung...
2025-04-14 16:32:30,981 - INFO - Erstelle zeitbasierte Features...
2025-04-14 16:32:30,985 - DEBUG - Feature 'hour' erstellt.
2025-04-14 16:32:30,987 - DEBUG - Feature 'sin_hour' erstellt.
2025-04-14 16:32:30,988 - DEBUG - Feature 'cos_hour' erstellt.
2025-04-14 16:32:30,991 - DEBUG - Feature 'day_of_year' erstellt.
2025-04-14 16:32:30,992 - DEBUG - Feature 'sin_day' erstellt.
2025-04-14 16:32:30,993 - DEBUG - Feature 'cos_day' erstellt.
2025-04-14 16:32:30,993 - INFO - Erstelle Tag-/Nacht-Indikator...
2025-04-14 16:32:30,993 - DEBUG - Feature 'is_day' erstellt.
2025-04-14 16:32:30,993 - INFO - Erstelle Lag-Features...
2025-04-14 16:32:30,994 - DEBUG - Feature 'co2_flux_lag1' erstellt.
2025-04-14 16:32:30,994 - DEBUG - Feature 'co2_flux_lag24' erstellt.
2025-04-14 16:32:30,994 - INFO - Erstelle gleitende Mittelwerte...
2025-04-14 16:32:30,996 - DEBUG - Feature 'co2_flux_rolling_mean_6h' erstellt.
2025-04-14 16:32:30,998 - DEBUG - Feature 'co2_flux_rolling_mean_24h' erstellt.
2025-04-14 16:32:30,998 - INFO - Füge Temperatur-Radiation-Interaktionsfeature hinzu...
2025-04-14 16:32:30,999 - DEBUG - Feature 'temp_radiation_interaction' erstellt.
2025-04-14 16:32:30,999 - INFO - Überprüfe auf fehlende Werte und entferne diese...
2025-04-14 16:32:31,025 - INFO - Fehlende Werte entfernt. Anzahl verbleibender Zeilen: 117059
2025-04-14 16:32:31,025 - INFO - Zusammenstellen der Features...
2025-04-14 16:32:31,025 - INFO - Feature-Liste zusammengestellt: ['sin_hour', 'cos_hour', 'sin_day', 'cos_day', 'SW_IN', 'is_day', 'co2_flux_lag1', 'co2_flux_lag24', 'co2_flux_rolling_mean_6h', 'co2_flux_rolling_mean_24h', 'TA_1_1_1', 'temp_radiation_interaction', 'RH_1_1_1', 'WS_1_1_1', 'TS_1_1_1']
2025-04-14 16:32:31,029 - INFO - Teile die Daten in Trainings- und Testsets im Verhältnis 80:20...
2025-04-14 16:32:31,029 - INFO - Größe des Trainingssets: 93647, Testset: 23412
2025-04-14 16:32:31,029 - INFO - Starte GridSearch für Hyperparameter-Optimierung...
2025-04-14 16:32:31,029 - DEBUG - param grid: {'n_estimators': [100, 200, 500], 'max_depth': [None, 5, 10, 15, 20], 'min_samples_split': [1, 2, 5]}
2025-04-14 16:32:31,029 - INFO - Starte GridSearchCV...
2025-04-14 17:11:02,235 - INFO - GridSearch abgeschlossen.
2025-04-14 17:11:02,236 - INFO - Beste Parameter: {'max_depth': 10, 'min_samples_split': 2, 'n_estimators': 500}
2025-04-14 17:11:02,236 - INFO - Bester R²-Score (Trainingsset): 0.753078405959198
2025-04-14 17:11:02,725 - INFO - Bewertung des besten Modells nach GridSearch:
2025-04-14 17:11:02,725 - INFO - Mean Squared Error (MSE): 7.852964703791899
2025-04-14 17:11:02,725 - INFO - Root Mean Squared Error (RMSE): 2.802314169359299
2025-04-14 17:11:02,725 - INFO - R²-Score: 0.7438510357264301
2025-04-15 13:38:16,727 - INFO - Applying MDS to TA_1_1_1 in meteorology...
2025-04-15 13:38:16,734 - INFO - TA_1_1_1: Missing values before interpolation: 0
2025-04-15 13:38:16,963 - INFO - TA_1_1_1_filled: Missing values after gap filling: 0
2025-04-15 13:38:17,205 - INFO - Added interpolated values of TA_1_1_1 to flux_df.
2025-04-15 13:38:17,205 - INFO - Applying MDS to RH_1_1_1 in meteorology...
2025-04-15 13:38:17,208 - INFO - RH_1_1_1: Missing values before interpolation: 34
2025-04-15 13:38:17,526 - INFO - RH_1_1_1_filled: Missing values after gap filling: 0
2025-04-15 13:38:17,534 - INFO - Added interpolated values of RH_1_1_1 to flux_df.
2025-04-15 13:38:17,534 - INFO - Applying MDS to WS_1_1_1 in meteorology...
2025-04-15 13:38:17,537 - INFO - WS_1_1_1: Missing values before interpolation: 564
2025-04-15 13:38:47,086 - INFO - WS_1_1_1_filled: Missing values after gap filling: 0
2025-04-15 13:38:47,094 - INFO - Added interpolated values of WS_1_1_1 to flux_df.
2025-04-15 13:38:47,094 - INFO - Applying MDS to TS_1_1_1 in soil...
2025-04-15 13:38:47,096 - INFO - TS_1_1_1: Missing values before interpolation: 967
2025-04-15 13:40:04,099 - INFO - TS_1_1_1_filled: Missing values after gap filling: 0
2025-04-15 13:40:04,123 - INFO - Added interpolated values of TS_1_1_1 to flux_df.
2025-04-15 13:40:04,123 - INFO - Assembling features...
2025-04-15 13:40:04,123 - INFO - Feature list assembled: ['SW_IN', 'sin_hour', 'cos_hour', 'sin_day', 'cos_day', 'is_day', 'co2_flux_lag1', 'co2_flux_lag24', 'co2_flux_rolling_mean_6h', 'co2_flux_rolling_mean_24h', 'TA_1_1_1', 'temp_radiation_interaction', 'RH_1_1_1', 'WS_1_1_1']
2025-04-15 13:40:04,431 - INFO - Starting data preparation...
2025-04-15 13:40:04,431 - INFO - Creating time-based features...
2025-04-15 13:40:04,433 - DEBUG - Feature 'hour' created.
2025-04-15 13:40:04,435 - DEBUG - Feature 'sin_hour' created.
2025-04-15 13:40:04,436 - DEBUG - Feature 'cos_hour' created.
2025-04-15 13:40:04,438 - DEBUG - Feature 'day_of_year' created.
2025-04-15 13:40:04,439 - DEBUG - Feature 'sin_day' created.
2025-04-15 13:40:04,440 - DEBUG - Feature 'cos_day' created.
2025-04-15 13:40:04,440 - INFO - Creating day/night indicator...
2025-04-15 13:40:04,440 - DEBUG - Feature 'is_day' created.
2025-04-15 13:40:04,441 - INFO - Creating lag features...
2025-04-15 13:40:04,441 - DEBUG - Feature 'co2_flux_lag1' created.
2025-04-15 13:40:04,441 - DEBUG - Feature 'co2_flux_lag24' created.
2025-04-15 13:40:04,441 - INFO - Creating moving averages...
2025-04-15 13:40:04,444 - DEBUG - Feature 'co2_flux_rolling_mean_6h' created.
2025-04-15 13:40:04,446 - DEBUG - Feature 'co2_flux_rolling_mean_24h' created.
2025-04-15 13:40:04,446 - INFO - Adding temperature-radiation interaction feature...
2025-04-15 13:40:04,446 - DEBUG - Feature 'temp_radiation_interaction' created.
2025-04-15 13:40:04,446 - INFO - Checking for missing values and removing them...
2025-04-15 13:40:04,468 - INFO - Missing values removed. Remaining number of rows: 117059
2025-04-15 13:40:04,468 - INFO - Assembling features...
2025-04-15 13:40:04,469 - INFO - Feature list assembled: ['sin_hour', 'cos_hour', 'sin_day', 'cos_day', 'SW_IN', 'is_day', 'co2_flux_lag1', 'co2_flux_lag24', 'co2_flux_rolling_mean_6h', 'co2_flux_rolling_mean_24h', 'TA_1_1_1', 'temp_radiation_interaction', 'RH_1_1_1', 'WS_1_1_1', 'TS_1_1_1']
2025-04-15 13:40:04,472 - INFO - Splitting data into training and test sets with 80:20 ratio...
2025-04-15 13:40:04,472 - INFO - Training set size: 93647, Test set: 23412
2025-04-15 13:40:04,472 - INFO - Starting GridSearch for hyperparameter tuning...
2025-04-15 13:40:04,472 - DEBUG - param grid: {'n_estimators': [100, 200, 500], 'max_depth': [None, 5, 10, 15, 20], 'min_samples_split': [2, 5]}
2025-04-15 13:40:04,472 - INFO - Starting GridSearchCV...
2025-04-15 14:18:54,368 - INFO - GridSearch completed.
2025-04-15 14:18:54,369 - INFO - Best parameters: {'max_depth': 10, 'min_samples_split': 2, 'n_estimators': 500}
2025-04-15 14:18:54,369 - INFO - Best R² score (training set): 0.753078405959198
2025-04-15 14:18:54,855 - INFO - Evaluation of the best model after GridSearch:
2025-04-15 14:18:54,855 - INFO - Mean Squared Error (MSE): 7.852964703791899
2025-04-15 14:18:54,855 - INFO - Root Mean Squared Error (RMSE): 2.802314169359299
2025-04-15 14:18:54,855 - INFO - R² score: 0.7438510357264301
2025-04-15 14:18:55,112 - INFO - Best model successfully saved to: best_random_forest_model_20250415_141854.joblib
2025-04-15 15:40:59,355 - INFO - Starte vollständige Modellauswertung für das Jahr 2023...
2025-04-15 15:40:59,364 - INFO - Daten für 2023 erfolgreich isoliert. Anzahl Zeilen: 13578
2025-04-15 15:40:59,365 - INFO - Features (X_2023) und tatsächliche Zielvariable (y_2023_actual) für 2023 extrahiert.
2025-04-15 15:40:59,365 - INFO - Generiere Modellvorhersagen für 2023...
2025-04-15 15:40:59,676 - INFO - Vorhersagen (y_2023_pred) für 2023 erfolgreich generiert.
2025-04-15 15:40:59,676 - INFO - Berechne Evaluationsmetriken für 2023...
2025-04-15 15:40:59,677 - INFO - Metriken für 2023: MSE=7.9055, RMSE=2.8117, R2=0.7540
2025-04-15 15:40:59,677 - INFO - Erstelle grafische Auswertungen für 2023...
2025-04-15 15:40:59,806 - INFO - Plot 'evaluation_2023_actual_vs_predicted.png' gespeichert.
2025-04-15 15:41:00,257 - INFO - Plot 'evaluation_2023_timeseries.png' gespeichert.
2025-04-15 15:41:00,585 - INFO - Plot 'evaluation_2023_residuals.png' gespeichert.
2025-04-15 15:41:00,671 - INFO - Starte Tag/Nacht-Analyse für 2023...
2025-04-15 15:41:00,673 - INFO - Daten für Tag/Nacht-Analyse vorbereitet. Anzahl Tag: 7286, Nacht: 6292
2025-04-15 15:41:00,687 - INFO - Using categorical units to plot a list of strings that are all parsable as floats or dates. If these strings should be plotted as numbers, cast to the appropriate data type before plotting.
2025-04-15 15:41:00,730 - INFO - Using categorical units to plot a list of strings that are all parsable as floats or dates. If these strings should be plotted as numbers, cast to the appropriate data type before plotting.
2025-04-15 15:41:00,763 - INFO - Using categorical units to plot a list of strings that are all parsable as floats or dates. If these strings should be plotted as numbers, cast to the appropriate data type before plotting.
2025-04-15 15:41:00,770 - INFO - Using categorical units to plot a list of strings that are all parsable as floats or dates. If these strings should be plotted as numbers, cast to the appropriate data type before plotting.
2025-04-15 15:41:00,853 - INFO - Plot 'evaluation_2023_daynight_comparison_boxplot.png' gespeichert.
2025-04-15 15:41:00,938 - INFO - Using categorical units to plot a list of strings that are all parsable as floats or dates. If these strings should be plotted as numbers, cast to the appropriate data type before plotting.
2025-04-15 15:41:00,952 - INFO - Using categorical units to plot a list of strings that are all parsable as floats or dates. If these strings should be plotted as numbers, cast to the appropriate data type before plotting.
2025-04-15 15:41:01,039 - INFO - Plot 'evaluation_2023_daynight_detailed_boxplot.png' gespeichert.
2025-04-15 15:41:01,084 - INFO - Vollständige Modellauswertung für 2023 abgeschlossen.
2025-05-05 15:37:10,593 - INFO - Applying MDS to TA_1_1_1 in meteorology...
2025-05-05 15:37:10,596 - INFO - TA_1_1_1: Missing values before interpolation: 0
2025-05-05 15:37:10,857 - INFO - TA_1_1_1_filled: Missing values after gap filling: 0
2025-05-05 15:37:10,876 - INFO - Added interpolated values of TA_1_1_1 to flux_df.
2025-05-05 15:37:10,876 - INFO - Applying MDS to RH_1_1_1 in meteorology...
2025-05-05 15:37:10,878 - INFO - RH_1_1_1: Missing values before interpolation: 34
2025-05-05 15:37:11,476 - INFO - RH_1_1_1_filled: Missing values after gap filling: 0
2025-05-05 15:37:11,493 - INFO - Added interpolated values of RH_1_1_1 to flux_df.
2025-05-05 15:37:11,493 - INFO - Applying MDS to WS_1_1_1 in meteorology...
2025-05-05 15:37:11,495 - INFO - WS_1_1_1: Missing values before interpolation: 564
2025-05-05 15:37:36,671 - INFO - WS_1_1_1_filled: Missing values after gap filling: 0
2025-05-05 15:37:36,691 - INFO - Added interpolated values of WS_1_1_1 to flux_df.
2025-05-05 15:37:36,691 - INFO - Applying MDS to TS_1_1_1 in soil...
2025-05-05 15:37:36,693 - INFO - TS_1_1_1: Missing values before interpolation: 967
2025-05-05 15:38:55,799 - INFO - TS_1_1_1_filled: Missing values after gap filling: 0
2025-05-05 15:38:55,821 - INFO - Added interpolated values of TS_1_1_1 to flux_df.
2025-05-05 15:38:55,821 - INFO - Assembling features...
2025-05-05 15:38:55,821 - INFO - Feature list assembled: ['SW_IN', 'sin_hour', 'cos_hour', 'sin_day', 'cos_day', 'is_day', 'co2_flux_lag1', 'co2_flux_lag24', 'co2_flux_rolling_mean_6h', 'co2_flux_rolling_mean_24h', 'TA_1_1_1', 'temp_radiation_interaction', 'RH_1_1_1', 'WS_1_1_1']
2025-05-05 15:38:55,834 - INFO - Starting data preparation...
2025-05-05 15:38:55,834 - INFO - Creating time-based features...
2025-05-05 15:38:55,838 - DEBUG - Feature 'hour' created.
2025-05-05 15:38:55,842 - DEBUG - Feature 'sin_hour' created.
2025-05-05 15:38:55,844 - DEBUG - Feature 'cos_hour' created.
2025-05-05 15:38:55,846 - DEBUG - Feature 'day_of_year' created.
2025-05-05 15:38:55,848 - DEBUG - Feature 'sin_day' created.
2025-05-05 15:38:55,849 - DEBUG - Feature 'cos_day' created.
2025-05-05 15:38:55,849 - INFO - Creating day/night indicator...
2025-05-05 15:38:55,852 - DEBUG - Feature 'is_day' created.
2025-05-05 15:38:55,852 - INFO - Creating lag features...
2025-05-05 15:38:55,852 - DEBUG - Feature 'co2_flux_lag1' created.
2025-05-05 15:38:55,852 - DEBUG - Feature 'co2_flux_lag24' created.
2025-05-05 15:38:55,852 - INFO - Creating moving averages...
2025-05-05 15:38:55,855 - DEBUG - Feature 'co2_flux_rolling_mean_6h' created.
2025-05-05 15:38:55,857 - DEBUG - Feature 'co2_flux_rolling_mean_24h' created.
2025-05-05 15:38:55,857 - INFO - Adding temperature-radiation interaction feature...
2025-05-05 15:38:55,857 - DEBUG - Feature 'temp_radiation_interaction' created.
2025-05-05 15:38:55,857 - INFO - Checking for missing values and removing them...
2025-05-05 15:38:55,882 - INFO - Missing values removed. Remaining number of rows: 117167
2025-05-05 15:38:55,882 - INFO - Assembling features...
2025-05-05 15:38:55,882 - INFO - Feature list assembled: ['sin_hour', 'cos_hour', 'sin_day', 'cos_day', 'SW_IN', 'is_day', 'co2_flux_lag1', 'co2_flux_lag24', 'co2_flux_rolling_mean_6h', 'co2_flux_rolling_mean_24h', 'TA_1_1_1', 'temp_radiation_interaction', 'RH_1_1_1', 'WS_1_1_1', 'TS_1_1_1']
2025-05-05 15:38:55,886 - INFO - Splitting data into training and test sets with 80:20 ratio...
2025-05-05 15:39:27,514 - INFO - Starting data preparation...
2025-05-05 15:39:27,515 - INFO - Creating time-based features...
2025-05-05 15:39:27,517 - DEBUG - Feature 'hour' created.
2025-05-05 15:39:27,518 - DEBUG - Feature 'sin_hour' created.
2025-05-05 15:39:27,519 - DEBUG - Feature 'cos_hour' created.
2025-05-05 15:39:27,521 - DEBUG - Feature 'day_of_year' created.
2025-05-05 15:39:27,522 - DEBUG - Feature 'sin_day' created.
2025-05-05 15:39:27,522 - DEBUG - Feature 'cos_day' created.
2025-05-05 15:39:27,522 - INFO - Creating day/night indicator...
2025-05-05 15:39:27,523 - DEBUG - Feature 'is_day' created.
2025-05-05 15:39:27,523 - INFO - Creating lag features...
2025-05-05 15:39:27,523 - DEBUG - Feature 'co2_flux_lag1' created.
2025-05-05 15:39:27,523 - DEBUG - Feature 'co2_flux_lag24' created.
2025-05-05 15:39:27,523 - INFO - Creating moving averages...
2025-05-05 15:39:27,526 - DEBUG - Feature 'co2_flux_rolling_mean_6h' created.
2025-05-05 15:39:27,527 - DEBUG - Feature 'co2_flux_rolling_mean_24h' created.
2025-05-05 15:39:27,528 - INFO - Adding temperature-radiation interaction feature...
2025-05-05 15:39:27,528 - DEBUG - Feature 'temp_radiation_interaction' created.
2025-05-05 15:39:27,528 - INFO - Checking for missing values and removing them...
2025-05-05 15:39:27,563 - INFO - Missing values removed. Remaining number of rows: 117143
2025-05-05 15:39:27,563 - INFO - Assembling features...
2025-05-05 15:39:27,563 - INFO - Feature list assembled: ['sin_hour', 'cos_hour', 'sin_day', 'cos_day', 'SW_IN', 'is_day', 'co2_flux_lag1', 'co2_flux_lag24', 'co2_flux_rolling_mean_6h', 'co2_flux_rolling_mean_24h', 'TA_1_1_1', 'temp_radiation_interaction', 'RH_1_1_1', 'WS_1_1_1', 'TS_1_1_1']
2025-05-05 15:39:27,569 - INFO - Splitting data into training and test sets with 80:20 ratio...
2025-05-05 15:39:30,739 - INFO - Starting data preparation...
2025-05-05 15:39:30,739 - INFO - Creating time-based features...
2025-05-05 15:39:30,742 - DEBUG - Feature 'hour' created.
2025-05-05 15:39:30,744 - DEBUG - Feature 'sin_hour' created.
2025-05-05 15:39:30,745 - DEBUG - Feature 'cos_hour' created.
2025-05-05 15:39:30,748 - DEBUG - Feature 'day_of_year' created.
2025-05-05 15:39:30,749 - DEBUG - Feature 'sin_day' created.
2025-05-05 15:39:30,751 - DEBUG - Feature 'cos_day' created.
2025-05-05 15:39:30,751 - INFO - Creating day/night indicator...
2025-05-05 15:39:30,751 - DEBUG - Feature 'is_day' created.
2025-05-05 15:39:30,751 - INFO - Creating lag features...
2025-05-05 15:39:30,752 - DEBUG - Feature 'co2_flux_lag1' created.
2025-05-05 15:39:30,752 - DEBUG - Feature 'co2_flux_lag24' created.
2025-05-05 15:39:30,752 - INFO - Creating moving averages...
2025-05-05 15:39:30,754 - DEBUG - Feature 'co2_flux_rolling_mean_6h' created.
2025-05-05 15:39:30,755 - DEBUG - Feature 'co2_flux_rolling_mean_24h' created.
2025-05-05 15:39:30,755 - INFO - Adding temperature-radiation interaction feature...
2025-05-05 15:39:30,755 - DEBUG - Feature 'temp_radiation_interaction' created.
2025-05-05 15:39:30,755 - INFO - Checking for missing values and removing them...
2025-05-05 15:39:30,779 - INFO - Missing values removed. Remaining number of rows: 117119
2025-05-05 15:39:30,779 - INFO - Assembling features...
2025-05-05 15:39:30,779 - INFO - Feature list assembled: ['sin_hour', 'cos_hour', 'sin_day', 'cos_day', 'SW_IN', 'is_day', 'co2_flux_lag1', 'co2_flux_lag24', 'co2_flux_rolling_mean_6h', 'co2_flux_rolling_mean_24h', 'TA_1_1_1', 'temp_radiation_interaction', 'RH_1_1_1', 'WS_1_1_1', 'TS_1_1_1']
2025-05-05 15:39:30,784 - INFO - Splitting data into training and test sets with 80:20 ratio...
2025-05-05 15:40:41,234 - INFO - Starting data preparation...
2025-05-05 15:40:41,235 - INFO - Creating time-based features...
2025-05-05 15:40:41,241 - DEBUG - Feature 'hour' created.
2025-05-05 15:40:41,246 - DEBUG - Feature 'sin_hour' created.
2025-05-05 15:40:41,247 - DEBUG - Feature 'cos_hour' created.
2025-05-05 15:40:41,249 - DEBUG - Feature 'day_of_year' created.
2025-05-05 15:40:41,250 - DEBUG - Feature 'sin_day' created.
2025-05-05 15:40:41,251 - DEBUG - Feature 'cos_day' created.
2025-05-05 15:40:41,252 - INFO - Creating day/night indicator...
2025-05-05 15:40:41,253 - DEBUG - Feature 'is_day' created.
2025-05-05 15:40:41,253 - INFO - Creating lag features...
2025-05-05 15:40:41,255 - DEBUG - Feature 'co2_flux_lag1' created.
2025-05-05 15:40:41,256 - DEBUG - Feature 'co2_flux_lag24' created.
2025-05-05 15:40:41,256 - INFO - Creating moving averages...
2025-05-05 15:40:41,258 - DEBUG - Feature 'co2_flux_rolling_mean_6h' created.
2025-05-05 15:40:41,260 - DEBUG - Feature 'co2_flux_rolling_mean_24h' created.
2025-05-05 15:40:41,260 - INFO - Adding temperature-radiation interaction feature...
2025-05-05 15:40:41,260 - DEBUG - Feature 'temp_radiation_interaction' created.
2025-05-05 15:40:41,260 - INFO - Checking for missing values and removing them...
2025-05-05 15:40:41,287 - INFO - Missing values removed. Remaining number of rows: 117095
2025-05-05 15:40:41,287 - INFO - Assembling features...
2025-05-05 15:40:41,288 - INFO - Feature list assembled: ['sin_hour', 'cos_hour', 'sin_day', 'cos_day', 'SW_IN', 'is_day', 'co2_flux_lag1', 'co2_flux_lag24', 'co2_flux_rolling_mean_6h', 'co2_flux_rolling_mean_24h', 'TA_1_1_1', 'temp_radiation_interaction', 'RH_1_1_1', 'WS_1_1_1', 'TS_1_1_1']
2025-05-05 15:40:41,292 - INFO - Splitting data into training and test sets with 80:20 ratio...
2025-05-05 15:40:41,293 - INFO - Training set size: 93676, Test set: 23419
2025-05-05 15:40:41,293 - INFO - Starting GridSearch for hyperparameter tuning...
2025-05-05 15:40:41,293 - DEBUG - param grid: {'n_estimators': [100, 200, 500], 'max_depth': [None, 5, 10, 15, 20], 'min_samples_split': [2, 5]}
2025-05-05 15:40:41,293 - INFO - Starting GridSearchCV...
2025-05-05 16:24:20,982 - INFO - GridSearch completed.
2025-05-05 16:24:20,982 - INFO - Best parameters: {'max_depth': 10, 'min_samples_split': 2, 'n_estimators': 100}
2025-05-05 16:24:20,982 - INFO - Best R² score (training set): 0.747237209399038
2025-05-05 16:24:21,077 - INFO - Evaluation of the best model after GridSearch:
2025-05-05 16:24:21,077 - INFO - Mean Squared Error (MSE): 8.084615238929858
2025-05-05 16:24:21,077 - INFO - Root Mean Squared Error (RMSE): 2.84334578251219
2025-05-05 16:24:21,077 - INFO - R² score: 0.7363495437798828
2025-05-05 16:24:21,098 - INFO - Best model successfully saved to: best_random_forest_model_20250505_162421.joblib
2025-05-05 16:24:37,550 - INFO - Starting full model evaluation for the year 2023...
2025-05-05 16:24:37,558 - INFO - Data for 2023 successfully isolated. Number of rows: 13580
2025-05-05 16:24:37,560 - INFO - Features (X_2023) and actual target variable (y_2023_actual) for 2023 extracted.
2025-05-05 16:24:37,561 - INFO - Generating model predictions for 2023...
2025-05-05 16:24:37,621 - INFO - Predictions (y_2023_pred) for 2023 successfully generated.
2025-05-05 16:24:37,621 - INFO - Calculating evaluation metrics for 2023...
2025-05-05 16:24:37,622 - INFO - Metrics for 2023: MSE=8.0871, RMSE=2.8438, R2=0.7484
2025-05-05 16:24:37,622 - INFO - Creating graphical evaluations for 2023...
2025-05-05 16:24:37,837 - INFO - Plot 'evaluation_2023_actual_vs_predicted.png' saved.
2025-05-05 16:24:38,251 - INFO - Plot 'evaluation_2023_timeseries.png' saved.
2025-05-05 16:24:38,641 - INFO - Plot 'evaluation_2023_residuals.png' saved.
2025-05-05 16:24:38,742 - INFO - Starting day/night analysis for 2023...
2025-05-05 16:24:38,744 - INFO - Data prepared for day/night analysis. Day count: 7288, Night: 6292
2025-05-05 16:24:38,765 - INFO - Using categorical units to plot a list of strings that are all parsable as floats or dates. If these strings should be plotted as numbers, cast to the appropriate data type before plotting.
2025-05-05 16:24:38,788 - INFO - Using categorical units to plot a list of strings that are all parsable as floats or dates. If these strings should be plotted as numbers, cast to the appropriate data type before plotting.
2025-05-05 16:24:38,812 - INFO - Using categorical units to plot a list of strings that are all parsable as floats or dates. If these strings should be plotted as numbers, cast to the appropriate data type before plotting.
2025-05-05 16:24:38,821 - INFO - Using categorical units to plot a list of strings that are all parsable as floats or dates. If these strings should be plotted as numbers, cast to the appropriate data type before plotting.
2025-05-05 16:24:38,900 - INFO - Plot 'evaluation_2023_daynight_comparison_boxplot.png' saved.
2025-05-05 16:24:38,984 - INFO - Using categorical units to plot a list of strings that are all parsable as floats or dates. If these strings should be plotted as numbers, cast to the appropriate data type before plotting.
2025-05-05 16:24:39,001 - INFO - Using categorical units to plot a list of strings that are all parsable as floats or dates. If these strings should be plotted as numbers, cast to the appropriate data type before plotting.
2025-05-05 16:24:39,092 - INFO - Plot 'evaluation_2023_daynight_detailed_boxplot.png' saved.
2025-05-05 16:24:39,141 - INFO - Full model evaluation for 2023 completed.
2025-06-06 15:09:41,702 - INFO - Applying MDS to TA_1_1_1 in meteorology...
2025-06-06 15:09:41,705 - INFO - TA_1_1_1: Missing values before interpolation: 0
2025-06-06 15:09:41,963 - INFO - TA_1_1_1_filled: Missing values after gap filling: 0
2025-06-06 15:09:41,981 - INFO - Added interpolated values of TA_1_1_1 to flux_df.
2025-06-06 15:09:41,982 - INFO - Applying MDS to RH_1_1_1 in meteorology...
2025-06-06 15:09:41,985 - INFO - RH_1_1_1: Missing values before interpolation: 34
2025-06-06 15:09:42,580 - INFO - RH_1_1_1_filled: Missing values after gap filling: 0
2025-06-06 15:09:42,600 - INFO - Added interpolated values of RH_1_1_1 to flux_df.
2025-06-06 15:09:42,600 - INFO - Applying MDS to WS_1_1_1 in meteorology...
2025-06-06 15:09:42,604 - INFO - WS_1_1_1: Missing values before interpolation: 564
2025-06-06 15:10:08,532 - INFO - WS_1_1_1_filled: Missing values after gap filling: 0
2025-06-06 15:10:08,554 - INFO - Added interpolated values of WS_1_1_1 to flux_df.
2025-06-06 15:10:08,554 - INFO - Applying MDS to TS_1_1_1 in soil...
2025-06-06 15:10:08,572 - INFO - TS_1_1_1: Missing values before interpolation: 967
2025-06-06 15:11:31,624 - INFO - TS_1_1_1_filled: Missing values after gap filling: 0
2025-06-06 15:11:31,648 - INFO - Added interpolated values of TS_1_1_1 to flux_df.
2025-06-06 15:11:31,649 - INFO - Assembling features...
2025-06-06 15:11:31,649 - INFO - Feature list assembled: ['SW_IN', 'sin_hour', 'cos_hour', 'sin_day', 'cos_day', 'is_day', 'co2_flux_lag1', 'co2_flux_lag24', 'co2_flux_rolling_mean_6h', 'co2_flux_rolling_mean_24h', 'TA_1_1_1', 'temp_radiation_interaction', 'RH_1_1_1', 'WS_1_1_1']
